{"level":"info","message":"Server running on port 5000"}
{"code":8000,"codeName":"AtlasError","connectionGeneration":0,"errorLabelSet":{},"errorResponse":{"code":8000,"codeName":"AtlasError","errmsg":"bad auth : Authentication failed.","ok":0},"level":"error","ok":0}
{"level":"info","message":"Server running on port 5000"}
{"code":8000,"codeName":"AtlasError","connectionGeneration":0,"errorLabelSet":{},"errorResponse":{"code":8000,"codeName":"AtlasError","errmsg":"bad auth : Authentication failed.","ok":0},"level":"error","ok":0}
{"level":"info","message":"Server running on port 5000"}
{"code":8000,"codeName":"AtlasError","connectionGeneration":0,"errorLabelSet":{},"errorResponse":{"code":8000,"codeName":"AtlasError","errmsg":"bad auth : Authentication failed.","ok":0},"level":"error","ok":0}
{"level":"info","message":"Server running on port 5000"}
{"code":8000,"codeName":"AtlasError","connectionGeneration":0,"errorLabelSet":{},"errorResponse":{"code":8000,"codeName":"AtlasError","errmsg":"bad auth : Authentication failed.","ok":0},"level":"error","ok":0}
{"level":"info","message":"Server running on port 5000"}
{"level":"info","message":"Server running on port 5000"}
{"errorLabelSet":{},"level":"error","message":"connect ECONNREFUSED ::1:27017","reason":{"commonWireVersion":0,"compatible":true,"heartbeatFrequencyMS":10000,"localThresholdMS":15,"logicalSessionTimeoutMinutes":null,"maxElectionId":null,"maxSetVersion":null,"servers":{"localhost:27017":{"$clusterTime":null,"address":"localhost:27017","arbiters":[],"electionId":null,"error":{"beforeHandshake":false,"errorLabelSet":{}},"hosts":[],"iscryptd":false,"lastUpdateTime":335841770,"lastWriteDate":0,"logicalSessionTimeoutMinutes":null,"maxBsonObjectSize":null,"maxMessageSizeBytes":null,"maxWireVersion":0,"maxWriteBatchSize":null,"me":null,"minRoundTripTime":0,"minWireVersion":0,"passives":[],"primary":null,"roundTripTime":-1,"setName":null,"setVersion":null,"tags":{},"topologyVersion":null,"type":"Unknown"}},"setName":null,"stale":false,"type":"Unknown"}}
{"level":"info","message":"::1 - - [19/Feb/2025:12:30:03 +0000] \"POST /api/users/register HTTP/1.1\" 201 42 \"-\" \"PostmanRuntime/7.43.0\""}
{"level":"info","message":"::1 - - [19/Feb/2025:12:31:14 +0000] \"POST /api/users/login HTTP/1.1\" 500 33 \"-\" \"PostmanRuntime/7.43.0\""}
{"level":"info","message":"::1 - - [19/Feb/2025:12:34:40 +0000] \"POST /api/users/register HTTP/1.1\" 400 33 \"-\" \"PostmanRuntime/7.43.0\""}
{"level":"info","message":"::1 - - [19/Feb/2025:12:35:28 +0000] \"POST /api/users/login HTTP/1.1\" 500 33 \"-\" \"PostmanRuntime/7.43.0\""}
{"level":"info","message":"::1 - - [19/Feb/2025:12:37:10 +0000] \"POST /api/users/login HTTP/1.1\" 500 30 \"-\" \"PostmanRuntime/7.43.0\""}
{"level":"info","message":"::1 - - [19/Feb/2025:12:39:39 +0000] \"POST /api/users/login HTTP/1.1\" 200 201 \"-\" \"PostmanRuntime/7.43.0\""}
{"level":"info","message":"::1 - - [19/Feb/2025:12:44:19 +0000] \"POST /api/books HTTP/1.1\" 401 27 \"-\" \"PostmanRuntime/7.43.0\""}
{"level":"info","message":"::1 - - [19/Feb/2025:12:52:11 +0000] \"POST /api/books HTTP/1.1\" 403 27 \"-\" \"PostmanRuntime/7.43.0\""}
{"level":"info","message":"::1 - - [19/Feb/2025:12:52:38 +0000] \"POST /api/books HTTP/1.1\" 403 27 \"-\" \"PostmanRuntime/7.43.0\""}
{"level":"info","message":"::1 - - [19/Feb/2025:12:53:34 +0000] \"POST /api/books HTTP/1.1\" 403 27 \"-\" \"PostmanRuntime/7.43.0\""}
{"level":"info","message":"::1 - - [19/Feb/2025:12:53:48 +0000] \"POST /api/books HTTP/1.1\" 403 27 \"-\" \"PostmanRuntime/7.43.0\""}
{"level":"info","message":"::1 - - [19/Feb/2025:12:54:43 +0000] \"POST /api/users/login HTTP/1.1\" 200 201 \"-\" \"PostmanRuntime/7.43.0\""}
{"level":"info","message":"::1 - - [19/Feb/2025:12:55:13 +0000] \"POST /api/users/login HTTP/1.1\" 400 33 \"-\" \"PostmanRuntime/7.43.0\""}
{"level":"info","message":"::1 - - [19/Feb/2025:12:55:31 +0000] \"POST /api/users/login HTTP/1.1\" 200 201 \"-\" \"PostmanRuntime/7.43.0\""}
{"level":"info","message":"::1 - - [19/Feb/2025:12:58:04 +0000] \"GET /api/users/me HTTP/1.1\" 401 27 \"-\" \"PostmanRuntime/7.43.0\""}
{"level":"info","message":"::1 - - [19/Feb/2025:12:58:13 +0000] \"GET /api/users/me HTTP/1.1\" 200 142 \"-\" \"PostmanRuntime/7.43.0\""}
{"level":"info","message":"::1 - - [19/Feb/2025:12:59:44 +0000] \"POST /api/users/register HTTP/1.1\" 201 42 \"-\" \"PostmanRuntime/7.43.0\""}
{"level":"info","message":"::1 - - [19/Feb/2025:12:59:53 +0000] \"POST /api/users/login HTTP/1.1\" 200 201 \"-\" \"PostmanRuntime/7.43.0\""}
{"level":"info","message":"::1 - - [19/Feb/2025:13:00:15 +0000] \"GET /api/users/me HTTP/1.1\" 200 142 \"-\" \"PostmanRuntime/7.43.0\""}
{"level":"info","message":"::1 - - [19/Feb/2025:13:04:16 +0000] \"GET /api/users/me HTTP/1.1\" 200 142 \"-\" \"PostmanRuntime/7.43.0\""}
{"level":"info","message":"::1 - - [19/Feb/2025:13:04:18 +0000] \"GET /api/users/me HTTP/1.1\" 200 142 \"-\" \"PostmanRuntime/7.43.0\""}
{"level":"info","message":"::1 - - [19/Feb/2025:13:04:34 +0000] \"POST /api/users/register HTTP/1.1\" 201 57 \"-\" \"PostmanRuntime/7.43.0\""}
{"level":"info","message":"::1 - - [19/Feb/2025:13:04:40 +0000] \"POST /api/users/login HTTP/1.1\" 200 203 \"-\" \"PostmanRuntime/7.43.0\""}
{"level":"info","message":"::1 - - [19/Feb/2025:13:04:59 +0000] \"GET /api/users/me HTTP/1.1\" 200 143 \"-\" \"PostmanRuntime/7.43.0\""}
{"level":"info","message":"::1 - - [19/Feb/2025:13:05:17 +0000] \"POST /api/books HTTP/1.1\" 201 188 \"-\" \"PostmanRuntime/7.43.0\""}
{"level":"info","message":"::1 - - [20/Feb/2025:07:29:21 +0000] \"POST /api/users/register HTTP/1.1\" 201 56 \"-\" \"PostmanRuntime/7.43.0\""}
{"level":"info","message":"::1 - - [20/Feb/2025:07:30:37 +0000] \"POST /api/users/register HTTP/1.1\" 400 33 \"-\" \"PostmanRuntime/7.43.0\""}
{"level":"info","message":"::1 - - [20/Feb/2025:07:31:11 +0000] \"POST /api/users/register HTTP/1.1\" 400 33 \"-\" \"PostmanRuntime/7.43.0\""}
{"level":"info","message":"::1 - - [20/Feb/2025:07:31:44 +0000] \"POST /api/users/register HTTP/1.1\" 400 33 \"-\" \"PostmanRuntime/7.43.0\""}
{"level":"info","message":"::1 - - [20/Feb/2025:07:32:26 +0000] \"POST /api/users/login HTTP/1.1\" 200 201 \"-\" \"PostmanRuntime/7.43.0\""}
{"level":"info","message":"::1 - - [20/Feb/2025:07:32:52 +0000] \"POST /api/users/login HTTP/1.1\" 200 201 \"-\" \"PostmanRuntime/7.43.0\""}
{"level":"info","message":"::1 - - [20/Feb/2025:07:33:02 +0000] \"GET /api/users/me HTTP/1.1\" 400 27 \"-\" \"PostmanRuntime/7.43.0\""}
{"level":"info","message":"::1 - - [20/Feb/2025:07:33:52 +0000] \"GET /api/users/me HTTP/1.1\" 200 144 \"-\" \"PostmanRuntime/7.43.0\""}
{"level":"info","message":"::1 - - [20/Feb/2025:07:34:05 +0000] \"POST /api/books HTTP/1.1\" 403 27 \"-\" \"PostmanRuntime/7.43.0\""}
{"level":"info","message":"::1 - - [20/Feb/2025:07:34:31 +0000] \"POST /api/users/login HTTP/1.1\" 200 203 \"-\" \"PostmanRuntime/7.43.0\""}
{"level":"info","message":"::1 - - [20/Feb/2025:07:36:58 +0000] \"POST /api/books HTTP/1.1\" 403 27 \"-\" \"PostmanRuntime/7.43.0\""}
{"level":"info","message":"::1 - - [20/Feb/2025:07:37:04 +0000] \"POST /api/books HTTP/1.1\" 201 210 \"-\" \"PostmanRuntime/7.43.0\""}
{"level":"info","message":"::1 - - [20/Feb/2025:07:39:28 +0000] \"GET /api/books HTTP/1.1\" 200 401 \"-\" \"PostmanRuntime/7.43.0\""}
{"level":"info","message":"::1 - - [20/Feb/2025:07:40:45 +0000] \"POST /api/reviews HTTP/1.1\" 401 27 \"-\" \"PostmanRuntime/7.43.0\""}
{"level":"info","message":"::1 - - [20/Feb/2025:07:41:19 +0000] \"POST /api/reviews HTTP/1.1\" 500 149 \"-\" \"PostmanRuntime/7.43.0\""}
{"level":"info","message":"::1 - - [20/Feb/2025:07:42:02 +0000] \"POST /api/reviews HTTP/1.1\" 201 181 \"-\" \"PostmanRuntime/7.43.0\""}
{"level":"info","message":"::1 - - [20/Feb/2025:07:45:51 +0000] \"POST /api/reviews HTTP/1.1\" 500 110 \"-\" \"PostmanRuntime/7.43.0\""}
{"level":"info","message":"::1 - - [20/Feb/2025:07:47:41 +0000] \"POST /api/reviews HTTP/1.1\" 500 110 \"-\" \"PostmanRuntime/7.43.0\""}
{"level":"info","message":"::1 - - [20/Feb/2025:07:47:50 +0000] \"POST /api/reviews HTTP/1.1\" 500 124 \"-\" \"PostmanRuntime/7.43.0\""}
{"level":"info","message":"::1 - - [20/Feb/2025:07:48:55 +0000] \"POST /api/users/login HTTP/1.1\" 200 201 \"-\" \"PostmanRuntime/7.43.0\""}
{"level":"info","message":"::1 - - [20/Feb/2025:07:49:11 +0000] \"POST /api/reviews HTTP/1.1\" 500 124 \"-\" \"PostmanRuntime/7.43.0\""}
{"level":"info","message":"::1 - - [20/Feb/2025:07:49:30 +0000] \"POST /api/reviews HTTP/1.1\" 500 124 \"-\" \"PostmanRuntime/7.43.0\""}
{"level":"info","message":"::1 - - [20/Feb/2025:07:50:19 +0000] \"POST /api/reviews HTTP/1.1\" 500 124 \"-\" \"PostmanRuntime/7.43.0\""}
{"level":"info","message":"::1 - - [20/Feb/2025:07:51:12 +0000] \"POST /api/reviews HTTP/1.1\" 500 124 \"-\" \"PostmanRuntime/7.43.0\""}
{"level":"info","message":"::1 - - [20/Feb/2025:07:51:33 +0000] \"POST /api/reviews HTTP/1.1\" 201 186 \"-\" \"PostmanRuntime/7.43.0\""}
{"level":"info","message":"::1 - - [20/Feb/2025:07:51:36 +0000] \"POST /api/reviews HTTP/1.1\" 500 124 \"-\" \"PostmanRuntime/7.43.0\""}
{"level":"info","message":"::1 - - [20/Feb/2025:07:51:38 +0000] \"POST /api/reviews HTTP/1.1\" 500 124 \"-\" \"PostmanRuntime/7.43.0\""}
{"level":"info","message":"::1 - - [20/Feb/2025:07:52:36 +0000] \"POST /api/users/login HTTP/1.1\" 200 203 \"-\" \"PostmanRuntime/7.43.0\""}
{"level":"info","message":"::1 - - [20/Feb/2025:07:52:56 +0000] \"POST /api/reviews HTTP/1.1\" 500 124 \"-\" \"PostmanRuntime/7.43.0\""}
{"level":"info","message":"::1 - - [20/Feb/2025:07:56:49 +0000] \"POST /api/reviews HTTP/1.1\" 500 124 \"-\" \"PostmanRuntime/7.43.0\""}
{"level":"info","message":"::1 - - [20/Feb/2025:07:57:22 +0000] \"POST /api/reviews HTTP/1.1\" 500 124 \"-\" \"PostmanRuntime/7.43.0\""}
{"level":"info","message":"::1 - - [20/Feb/2025:07:57:31 +0000] \"GET /api/users/me HTTP/1.1\" 200 144 \"-\" \"PostmanRuntime/7.43.0\""}
{"level":"info","message":"::1 - - [20/Feb/2025:07:58:35 +0000] \"POST /api/users/login HTTP/1.1\" 200 203 \"-\" \"PostmanRuntime/7.43.0\""}
{"level":"info","message":"::1 - - [20/Feb/2025:07:58:55 +0000] \"POST /api/reviews HTTP/1.1\" 500 124 \"-\" \"PostmanRuntime/7.43.0\""}
{"level":"info","message":"::1 - - [20/Feb/2025:07:59:00 +0000] \"POST /api/reviews HTTP/1.1\" 500 124 \"-\" \"PostmanRuntime/7.43.0\""}
{"level":"info","message":"::1 - - [20/Feb/2025:07:59:06 +0000] \"GET /api/users/me HTTP/1.1\" 200 144 \"-\" \"PostmanRuntime/7.43.0\""}
{"level":"info","message":"::1 - - [20/Feb/2025:07:59:12 +0000] \"GET /api/users/me HTTP/1.1\" 200 143 \"-\" \"PostmanRuntime/7.43.0\""}
{"level":"info","message":"::1 - - [20/Feb/2025:07:59:17 +0000] \"POST /api/reviews HTTP/1.1\" 500 124 \"-\" \"PostmanRuntime/7.43.0\""}
{"level":"info","message":"::1 - - [20/Feb/2025:08:03:32 +0000] \"POST /api/reviews HTTP/1.1\" 500 124 \"-\" \"PostmanRuntime/7.43.0\""}
{"level":"info","message":"::1 - - [20/Feb/2025:08:06:46 +0000] \"POST /api/reviews HTTP/1.1\" 201 186 \"-\" \"PostmanRuntime/7.43.0\""}
{"level":"info","message":"::1 - - [20/Feb/2025:08:07:15 +0000] \"POST /api/reviews HTTP/1.1\" 201 183 \"-\" \"PostmanRuntime/7.43.0\""}
{"level":"info","message":"::1 - - [20/Feb/2025:08:13:09 +0000] \"POST /api/reviews HTTP/1.1\" 201 183 \"-\" \"PostmanRuntime/7.43.0\""}
{"level":"info","message":"::1 - - [20/Feb/2025:08:13:59 +0000] \"POST /api/reviews HTTP/1.1\" 201 191 \"-\" \"PostmanRuntime/7.43.0\""}
{"level":"info","message":"::1 - - [20/Feb/2025:08:18:34 +0000] \"GET /api/reviews/67b6dba088e63c37f4b50f45 HTTP/1.1\" 200 431 \"-\" \"PostmanRuntime/7.43.0\""}
{"level":"info","message":"::1 - - [20/Feb/2025:08:20:17 +0000] \"GET /api/users HTTP/1.1\" 401 27 \"-\" \"PostmanRuntime/7.43.0\""}
{"level":"info","message":"::1 - - [20/Feb/2025:08:20:19 +0000] \"GET /api/users HTTP/1.1\" 401 27 \"-\" \"PostmanRuntime/7.43.0\""}
{"level":"info","message":"::1 - - [20/Feb/2025:08:20:37 +0000] \"GET /api/users HTTP/1.1\" 200 290 \"-\" \"PostmanRuntime/7.43.0\""}
{"level":"info","message":"::1 - - [20/Feb/2025:08:23:42 +0000] \"POST /api/users/login HTTP/1.1\" 200 201 \"-\" \"PostmanRuntime/7.43.0\""}
{"level":"info","message":"::1 - - [20/Feb/2025:08:23:55 +0000] \"DELETE /api/users/67b5d6e2f9ce172ee1318f3f HTTP/1.1\" 404 176 \"-\" \"PostmanRuntime/7.43.0\""}
{"level":"info","message":"::1 - - [20/Feb/2025:08:24:06 +0000] \"DELETE /api/users/67b5d6e2f9ce172ee1318f3f HTTP/1.1\" 404 176 \"-\" \"PostmanRuntime/7.43.0\""}
{"level":"info","message":"::1 - - [20/Feb/2025:08:24:08 +0000] \"DELETE /api/users/67b5d6e2f9ce172ee1318f3f HTTP/1.1\" 404 176 \"-\" \"PostmanRuntime/7.43.0\""}
{"level":"info","message":"::1 - - [20/Feb/2025:08:24:09 +0000] \"DELETE /api/users/67b5d6e2f9ce172ee1318f3f HTTP/1.1\" 404 176 \"-\" \"PostmanRuntime/7.43.0\""}
{"level":"info","message":"::1 - - [20/Feb/2025:08:24:40 +0000] \"DELETE /api/books/67b6dba088e63c37f4b50f45 HTTP/1.1\" 404 176 \"-\" \"PostmanRuntime/7.43.0\""}
{"level":"info","message":"::1 - - [20/Feb/2025:08:25:04 +0000] \"DELETE /api/books/67b6dba088e63c37f4b50f45 HTTP/1.1\" 404 176 \"-\" \"PostmanRuntime/7.43.0\""}
{"level":"info","message":"::1 - - [20/Feb/2025:08:25:19 +0000] \"POST /api/users/login HTTP/1.1\" 200 203 \"-\" \"PostmanRuntime/7.43.0\""}
{"level":"info","message":"::1 - - [20/Feb/2025:08:25:54 +0000] \"DELETE /api/users/67b6d9d074507ec57c2da654 HTTP/1.1\" 404 176 \"-\" \"PostmanRuntime/7.43.0\""}
{"level":"info","message":"::1 - - [20/Feb/2025:08:26:55 +0000] \"DELETE /api/users/67b6d9d074507ec57c2da654 HTTP/1.1\" 404 176 \"-\" \"PostmanRuntime/7.43.0\""}
{"level":"info","message":"::1 - - [20/Feb/2025:08:27:02 +0000] \"DELETE /api/users/67b6d9d074507ec57c2da654 HTTP/1.1\" 404 176 \"-\" \"PostmanRuntime/7.43.0\""}
{"level":"info","message":"::1 - - [20/Feb/2025:08:27:21 +0000] \"DELETE /api/books/67b6dba088e63c37f4b50f45 HTTP/1.1\" 404 176 \"-\" \"PostmanRuntime/7.43.0\""}
{"level":"info","message":"::1 - - [20/Feb/2025:08:27:53 +0000] \"DELETE /api/books/67b6dba088e63c37f4b50f45 HTTP/1.1\" 404 176 \"-\" \"PostmanRuntime/7.43.0\""}
{"level":"info","message":"::1 - - [20/Feb/2025:08:34:05 +0000] \"DELETE /api/users/67b6d9d074507ec57c2da654 HTTP/1.1\" 200 39 \"-\" \"PostmanRuntime/7.43.0\""}
{"level":"info","message":"::1 - - [20/Feb/2025:08:36:19 +0000] \"DELETE /api/reviews/67b6e4479467fcf56efee422 HTTP/1.1\" 401 27 \"-\" \"PostmanRuntime/7.43.0\""}
{"level":"info","message":"::1 - - [20/Feb/2025:08:36:29 +0000] \"DELETE /api/reviews/67b6e4479467fcf56efee422 HTTP/1.1\" 200 41 \"-\" \"PostmanRuntime/7.43.0\""}
{"level":"info","message":"::1 - - [20/Feb/2025:08:39:15 +0000] \"DELETE /api/reviews/67b6e4149467fcf56efee41d HTTP/1.1\" 200 55 \"-\" \"PostmanRuntime/7.43.0\""}
{"level":"info","message":"::1 - - [20/Feb/2025:08:39:34 +0000] \"POST /api/reviews HTTP/1.1\" 201 191 \"-\" \"PostmanRuntime/7.43.0\""}
{"level":"info","message":"::1 - - [20/Feb/2025:08:39:40 +0000] \"POST /api/reviews HTTP/1.1\" 201 181 \"-\" \"PostmanRuntime/7.43.0\""}
{"level":"info","message":"::1 - - [20/Feb/2025:08:39:50 +0000] \"POST /api/reviews HTTP/1.1\" 201 181 \"-\" \"PostmanRuntime/7.43.0\""}
{"level":"info","message":"::1 - - [20/Feb/2025:08:40:51 +0000] \"DELETE /api/reviews/67b6ea46467d438e9669a1c1 HTTP/1.1\" 200 57 \"-\" \"PostmanRuntime/7.43.0\""}
{"level":"info","message":"::1 - - [20/Feb/2025:16:23:43 +0000] \"POST /api/reviews HTTP/1.1\" 400 27 \"-\" \"PostmanRuntime/7.43.0\""}
{"level":"info","message":"::1 - - [20/Feb/2025:16:24:02 +0000] \"POST /api/users/login HTTP/1.1\" 400 33 \"-\" \"PostmanRuntime/7.43.0\""}
{"level":"info","message":"::1 - - [20/Feb/2025:16:24:15 +0000] \"POST /api/users/login HTTP/1.1\" 400 33 \"-\" \"PostmanRuntime/7.43.0\""}
{"level":"info","message":"::1 - - [20/Feb/2025:16:24:36 +0000] \"POST /api/users/login HTTP/1.1\" 400 33 \"-\" \"PostmanRuntime/7.43.0\""}
{"level":"info","message":"::1 - - [20/Feb/2025:16:26:54 +0000] \"POST /api/users/login HTTP/1.1\" 400 33 \"-\" \"PostmanRuntime/7.43.0\""}
{"level":"info","message":"::1 - - [20/Feb/2025:16:33:01 +0000] \"POST /api/users/login HTTP/1.1\" 400 33 \"-\" \"PostmanRuntime/7.43.0\""}
{"level":"info","message":"::1 - - [20/Feb/2025:16:33:18 +0000] \"POST /api/users/register HTTP/1.1\" 201 56 \"-\" \"PostmanRuntime/7.43.0\""}
{"level":"info","message":"::1 - - [20/Feb/2025:16:33:23 +0000] \"POST /api/users/login HTTP/1.1\" 200 201 \"-\" \"PostmanRuntime/7.43.0\""}
{"level":"info","message":"::1 - - [20/Feb/2025:16:35:11 +0000] \"PUT /api/users/update HTTP/1.1\" 404 155 \"-\" \"PostmanRuntime/7.43.0\""}
{"level":"info","message":"::1 - - [20/Feb/2025:16:36:21 +0000] \"PUT /api/users/update HTTP/1.1\" 404 155 \"-\" \"PostmanRuntime/7.43.0\""}
{"level":"info","message":"::1 - - [20/Feb/2025:16:36:37 +0000] \"PUT /api/users/update HTTP/1.1\" 404 155 \"-\" \"PostmanRuntime/7.43.0\""}
{"level":"info","message":"::1 - - [20/Feb/2025:16:36:56 +0000] \"GET /api/users/update HTTP/1.1\" 404 155 \"-\" \"PostmanRuntime/7.43.0\""}
{"level":"info","message":"::1 - - [20/Feb/2025:16:37:04 +0000] \"PUT /api/users/update HTTP/1.1\" 404 155 \"-\" \"PostmanRuntime/7.43.0\""}
{"level":"info","message":"::1 - - [20/Feb/2025:16:40:31 +0000] \"POST /api/users/favorite/67b6dba088e63c37f4b50f45 HTTP/1.1\" 200 37 \"-\" \"PostmanRuntime/7.43.0\""}
{"level":"info","message":"::1 - - [20/Feb/2025:16:44:48 +0000] \"GET /api/users/favorites HTTP/1.1\" 401 27 \"-\" \"PostmanRuntime/7.43.0\""}
{"level":"info","message":"::1 - - [20/Feb/2025:16:44:57 +0000] \"GET /api/users/favorites HTTP/1.1\" 500 136 \"-\" \"PostmanRuntime/7.43.0\""}
{"level":"info","message":"::1 - - [20/Feb/2025:16:46:17 +0000] \"GET /api/users/favorites HTTP/1.1\" 200 2 \"-\" \"PostmanRuntime/7.43.0\""}
{"level":"info","message":"::1 - - [20/Feb/2025:16:48:23 +0000] \"DELETE /api/users/favorite/67b6dba088e63c37f4b50f45 HTTP/1.1\" 401 27 \"-\" \"PostmanRuntime/7.43.0\""}
{"level":"info","message":"::1 - - [20/Feb/2025:16:48:29 +0000] \"DELETE /api/users/favorite/67b6dba088e63c37f4b50f45 HTTP/1.1\" 200 41 \"-\" \"PostmanRuntime/7.43.0\""}
{"level":"info","message":"::1 - - [20/Feb/2025:16:48:36 +0000] \"POST /api/users/favorite/67b6dba088e63c37f4b50f45 HTTP/1.1\" 200 37 \"-\" \"PostmanRuntime/7.43.0\""}
{"level":"info","message":"::1 - - [20/Feb/2025:16:48:40 +0000] \"GET /api/users/favorites HTTP/1.1\" 200 267 \"-\" \"PostmanRuntime/7.43.0\""}
{"level":"info","message":"::1 - - [20/Feb/2025:16:48:49 +0000] \"GET /api/users/me HTTP/1.1\" 400 27 \"-\" \"PostmanRuntime/7.43.0\""}
{"level":"info","message":"::1 - - [20/Feb/2025:16:49:10 +0000] \"GET /api/users/me HTTP/1.1\" 200 189 \"-\" \"PostmanRuntime/7.43.0\""}
{"level":"info","message":"::1 - - [20/Feb/2025:16:52:56 +0000] \"GET /api/books/stats HTTP/1.1\" 500 33 \"-\" \"PostmanRuntime/7.43.0\""}
{"level":"info","message":"::1 - - [20/Feb/2025:16:53:48 +0000] \"GET /api/books/stats HTTP/1.1\" 500 33 \"-\" \"PostmanRuntime/7.43.0\""}
{"level":"info","message":"::1 - - [20/Feb/2025:16:55:25 +0000] \"GET /api/books/stats HTTP/1.1\" 200 62 \"-\" \"PostmanRuntime/7.43.0\""}
{"level":"info","message":"::1 - - [20/Feb/2025:16:56:44 +0000] \"GET /api/reviews/book/:bookId/reviews HTTP/1.1\" 500 35 \"-\" \"PostmanRuntime/7.43.0\""}
{"level":"info","message":"::1 - - [20/Feb/2025:16:57:14 +0000] \"GET /api/reviews/book/67b6dba088e63c37f4b50f45/reviews HTTP/1.1\" 500 35 \"-\" \"PostmanRuntime/7.43.0\""}
{"level":"info","message":"::1 - - [20/Feb/2025:16:58:37 +0000] \"GET /api/reviews/book/67b6dba088e63c37f4b50f45/reviews HTTP/1.1\" 200 611 \"-\" \"PostmanRuntime/7.43.0\""}
{"level":"info","message":"::1 - - [20/Feb/2025:17:00:05 +0000] \"GET /api/users/me HTTP/1.1\" 200 189 \"-\" \"PostmanRuntime/7.43.0\""}
{"level":"info","message":"::1 - - [20/Feb/2025:17:03:10 +0000] \"GET /api/users/bucket/reviews HTTP/1.1\" 500 33 \"-\" \"PostmanRuntime/7.43.0\""}
{"level":"info","message":"::1 - - [20/Feb/2025:17:03:19 +0000] \"GET /api/users/bucket/reviews HTTP/1.1\" 500 33 \"-\" \"PostmanRuntime/7.43.0\""}
{"level":"info","message":"::1 - - [20/Feb/2025:17:05:19 +0000] \"GET /api/users/bucket/reviews HTTP/1.1\" 200 58 \"-\" \"PostmanRuntime/7.43.0\""}
{"level":"info","message":"::1 - - [20/Feb/2025:17:05:36 +0000] \"GET /api/users/me HTTP/1.1\" 200 189 \"-\" \"PostmanRuntime/7.43.0\""}
{"level":"info","message":"::1 - - [20/Feb/2025:17:05:56 +0000] \"POST /api/reviews HTTP/1.1\" 400 27 \"-\" \"PostmanRuntime/7.43.0\""}
{"level":"info","message":"::1 - - [20/Feb/2025:17:06:22 +0000] \"POST /api/users/login HTTP/1.1\" 200 201 \"-\" \"PostmanRuntime/7.43.0\""}
{"level":"info","message":"::1 - - [20/Feb/2025:17:06:37 +0000] \"POST /api/reviews HTTP/1.1\" 201 186 \"-\" \"PostmanRuntime/7.43.0\""}
{"level":"info","message":"::1 - - [20/Feb/2025:17:06:41 +0000] \"POST /api/reviews HTTP/1.1\" 201 186 \"-\" \"PostmanRuntime/7.43.0\""}
{"level":"info","message":"::1 - - [20/Feb/2025:17:06:49 +0000] \"POST /api/reviews HTTP/1.1\" 201 182 \"-\" \"PostmanRuntime/7.43.0\""}
{"level":"info","message":"::1 - - [20/Feb/2025:17:06:55 +0000] \"GET /api/users/bucket/reviews HTTP/1.1\" 200 85 \"-\" \"PostmanRuntime/7.43.0\""}
{"level":"info","message":"::1 - - [20/Feb/2025:17:07:53 +0000] \"GET /api/reviews/67b6dba088e63c37f4b50f45 HTTP/1.1\" 200 1066 \"-\" \"PostmanRuntime/7.43.0\""}
{"level":"info","message":"::1 - - [20/Feb/2025:17:08:03 +0000] \"GET /api/reviews HTTP/1.1\" 404 150 \"-\" \"PostmanRuntime/7.43.0\""}
{"level":"info","message":"::1 - - [20/Feb/2025:17:08:06 +0000] \"GET /api/reviews HTTP/1.1\" 404 150 \"-\" \"PostmanRuntime/7.43.0\""}
{"level":"info","message":"::1 - - [20/Feb/2025:17:08:09 +0000] \"GET /api/reviews/67b6dba088e63c37f4b50f45 HTTP/1.1\" 200 1066 \"-\" \"PostmanRuntime/7.43.0\""}
{"level":"info","message":"::1 - - [20/Feb/2025:17:08:29 +0000] \"GET /api/users/bucket/reviews HTTP/1.1\" 200 85 \"-\" \"PostmanRuntime/7.43.0\""}
{"level":"info","message":"::1 - - [20/Feb/2025:17:14:51 +0000] \"POST /api/books/bulk-insert HTTP/1.1\" 404 161 \"-\" \"PostmanRuntime/7.43.0\""}
{"level":"info","message":"::1 - - [20/Feb/2025:17:15:27 +0000] \"POST /api/users/login HTTP/1.1\" 200 203 \"-\" \"PostmanRuntime/7.43.0\""}
{"level":"info","message":"::1 - - [20/Feb/2025:17:15:39 +0000] \"POST /api/books/bulk-insert HTTP/1.1\" 404 161 \"-\" \"PostmanRuntime/7.43.0\""}
{"level":"info","message":"::1 - - [20/Feb/2025:17:15:45 +0000] \"POST /api/books/bulk-insert HTTP/1.1\" 404 161 \"-\" \"PostmanRuntime/7.43.0\""}
{"level":"info","message":"::1 - - [20/Feb/2025:17:16:05 +0000] \"POST /api/books/bulk-insert HTTP/1.1\" 404 161 \"-\" \"PostmanRuntime/7.43.0\""}
{"level":"info","message":"::1 - - [20/Feb/2025:17:17:48 +0000] \"POST /api/books/bulk-insert HTTP/1.1\" 200 59 \"-\" \"PostmanRuntime/7.43.0\""}
{"level":"info","message":"::1 - - [20/Feb/2025:17:20:55 +0000] \"DELETE /api/books/bulk-delete HTTP/1.1\" 401 27 \"-\" \"PostmanRuntime/7.43.0\""}
{"level":"info","message":"::1 - - [20/Feb/2025:17:21:03 +0000] \"DELETE /api/books/bulk-delete HTTP/1.1\" 500 110 \"-\" \"PostmanRuntime/7.43.0\""}
{"level":"info","message":"::1 - - [20/Feb/2025:17:22:31 +0000] \"DELETE /api/books/bulk-delete HTTP/1.1\" 500 110 \"-\" \"PostmanRuntime/7.43.0\""}
{"level":"info","message":"::1 - - [20/Feb/2025:17:22:49 +0000] \"DELETE /api/books/bulk-delete HTTP/1.1\" 500 110 \"-\" \"PostmanRuntime/7.43.0\""}
{"level":"info","message":"::1 - - [20/Feb/2025:17:23:54 +0000] \"DELETE /api/books/bulk-delete HTTP/1.1\" 500 110 \"-\" \"PostmanRuntime/7.43.0\""}
{"level":"info","message":"::1 - - [20/Feb/2025:17:24:02 +0000] \"DELETE /api/books/bulk-delete HTTP/1.1\" 500 110 \"-\" \"PostmanRuntime/7.43.0\""}
{"level":"info","message":"::1 - - [20/Feb/2025:17:25:34 +0000] \"DELETE /api/books/bulk-delete HTTP/1.1\" 500 110 \"-\" \"PostmanRuntime/7.43.0\""}
{"level":"info","message":"::1 - - [20/Feb/2025:17:25:43 +0000] \"DELETE /api/books/bulk-delete HTTP/1.1\" 500 110 \"-\" \"PostmanRuntime/7.43.0\""}
{"level":"info","message":"::1 - - [20/Feb/2025:17:27:23 +0000] \"DELETE /api/books/bulk-delete HTTP/1.1\" 500 110 \"-\" \"PostmanRuntime/7.43.0\""}
{"level":"info","message":"::1 - - [20/Feb/2025:17:30:24 +0000] \"DELETE /api/books/bulk-delete HTTP/1.1\" 500 110 \"-\" \"PostmanRuntime/7.43.0\""}
{"level":"info","message":"::1 - - [20/Feb/2025:17:30:40 +0000] \"DELETE /api/books/bulk-delete HTTP/1.1\" 500 110 \"-\" \"PostmanRuntime/7.43.0\""}
{"level":"info","message":"::1 - - [20/Feb/2025:17:35:29 +0000] \"DELETE /api/books/bulk-delete HTTP/1.1\" 500 110 \"-\" \"PostmanRuntime/7.43.0\""}
{"level":"info","message":"::1 - - [20/Feb/2025:17:35:45 +0000] \"DELETE /api/books/bulk-delete HTTP/1.1\" 500 110 \"-\" \"PostmanRuntime/7.43.0\""}
{"level":"info","message":"::1 - - [20/Feb/2025:17:38:42 +0000] \"DELETE /api/books/bulk-delete HTTP/1.1\" 500 110 \"-\" \"PostmanRuntime/7.43.0\""}
{"level":"info","message":"::1 - - [20/Feb/2025:17:40:34 +0000] \"DELETE /api/books/bulk-delete HTTP/1.1\" 500 110 \"-\" \"PostmanRuntime/7.43.0\""}
{"level":"info","message":"::1 - - [20/Feb/2025:17:40:44 +0000] \"DELETE /api/books/bulk-delete HTTP/1.1\" 500 110 \"-\" \"PostmanRuntime/7.43.0\""}
{"level":"info","message":"::1 - - [20/Feb/2025:17:44:05 +0000] \"DELETE /api/books/bulk-delete HTTP/1.1\" 500 110 \"-\" \"PostmanRuntime/7.43.0\""}
